BcastRecSinBcastDynReg/app/build/intermediates/manifest_merge_blame_file/debug/manifest-merger-blame-debug-report.txt
1<?xml version="1.0" encoding="utf-8"?>
2<manifest xmlns:android="http://schemas.android.com/apk/res/android"
3    package="course.examples.broadcastreceiver.singlebroadcastdynamicregistration" >
4
5    <uses-sdk
6        android:minSdkVersion="21"
6-->src\main\AndroidManifest.xml
7        android:targetSdkVersion="29" />
7-->src\main\AndroidManifest.xml
8
9    <uses-permission android:name="android.permission.VIBRATE" />
9-->src\main\AndroidManifest.xml:5:5-66
9-->src\main\AndroidManifest.xml:5:22-63
10
11    <application
11-->src\main\AndroidManifest.xml:7:5-19:19
12        android:allowBackup="false"
12-->src\main\AndroidManifest.xml:8:9-36
13        android:debuggable="true"
14        android:icon="@mipmap/ic_launcher"
14-->src\main\AndroidManifest.xml:9:9-43
15        android:label="@string/app_name"
15-->src\main\AndroidManifest.xml:10:9-41
16        android:theme="@style/MaterialTheme" >
16-->src\main\AndroidManifest.xml:11:9-45
17        <activity android:name="course.examples.broadcastreceiver.singlebroadcastdynamicregistration.SingleBroadcastActivity" >
17-->src\main\AndroidManifest.xml:12:9-18:20
17-->src\main\AndroidManifest.xml:12:19-58
18            <intent-filter>
18-->src\main\AndroidManifest.xml:13:13-17:29
19                <action android:name="android.intent.action.MAIN" />
19-->src\main\AndroidManifest.xml:14:17-69
19-->src\main\AndroidManifest.xml:14:25-66
20
21                <category android:name="android.intent.category.LAUNCHER" />
21-->src\main\AndroidManifest.xml:16:17-77
21-->src\main\AndroidManifest.xml:16:27-74
22            </intent-filter>
23        </activity>
24    </application>
25
26</manifest>